[2019-02-24 15:52:41] local.ERROR: SQLSTATE[42S21]: Column already exists: 1060 Duplicate column name 'unit_price' (SQL: create table `receivings` (`id` int unsigned not null auto_increment primary key, `batch` varchar(191) not null, `product_id` int unsigned not null, `supplier_id` int unsigned not null, `unit_price` double(8, 2) null, `unit_price` double(8, 2) null, `quantity` int unsigned not null, `purchase_date` date null, `created_at` timestamp null, `updated_at` timestamp null) default character set utf8mb4 collate 'utf8mb4_unicode_ci') {"exception":"[object] (Illuminate\\Database\\QueryException(code: 42S21): SQLSTATE[42S21]: Column already exists: 1060 Duplicate column name 'unit_price' (SQL: create table `receivings` (`id` int unsigned not null auto_increment primary key, `batch` varchar(191) not null, `product_id` int unsigned not null, `supplier_id` int unsigned not null, `unit_price` double(8, 2) null, `unit_price` double(8, 2) null, `quantity` int unsigned not null, `purchase_date` date null, `created_at` timestamp null, `updated_at` timestamp null) default character set utf8mb4 collate 'utf8mb4_unicode_ci') at H:\\Hijbu\\server\\htdocs\\laravel_projects\\lvshop\\vendor\\laravel\\framework\\src\\Illuminate\\Database\\Connection.php:664, PDOException(code: 42S21): SQLSTATE[42S21]: Column already exists: 1060 Duplicate column name 'unit_price' at H:\\Hijbu\\server\\htdocs\\laravel_projects\\lvshop\\vendor\\laravel\\framework\\src\\Illuminate\\Database\\Connection.php:458)
[stacktrace]
#0 H:\\Hijbu\\server\\htdocs\\laravel_projects\\lvshop\\vendor\\laravel\\framework\\src\\Illuminate\\Database\\Connection.php(624): Illuminate\\Database\\Connection->runQueryCallback('create table `r...', Array, Object(Closure))
#1 H:\\Hijbu\\server\\htdocs\\laravel_projects\\lvshop\\vendor\\laravel\\framework\\src\\Illuminate\\Database\\Connection.php(459): Illuminate\\Database\\Connection->run('create table `r...', Array, Object(Closure))
#2 H:\\Hijbu\\server\\htdocs\\laravel_projects\\lvshop\\vendor\\laravel\\framework\\src\\Illuminate\\Database\\Schema\\Blueprint.php(97): Illuminate\\Database\\Connection->statement('create table `r...')
#3 H:\\Hijbu\\server\\htdocs\\laravel_projects\\lvshop\\vendor\\laravel\\framework\\src\\Illuminate\\Database\\Schema\\Builder.php(264): Illuminate\\Database\\Schema\\Blueprint->build(Object(Illuminate\\Database\\MySqlConnection), Object(Illuminate\\Database\\Schema\\Grammars\\MySqlGrammar))
#4 H:\\Hijbu\\server\\htdocs\\laravel_projects\\lvshop\\vendor\\laravel\\framework\\src\\Illuminate\\Database\\Schema\\Builder.php(165): Illuminate\\Database\\Schema\\Builder->build(Object(Illuminate\\Database\\Schema\\Blueprint))
#5 H:\\Hijbu\\server\\htdocs\\laravel_projects\\lvshop\\vendor\\laravel\\framework\\src\\Illuminate\\Support\\Facades\\Facade.php(237): Illuminate\\Database\\Schema\\Builder->create('receivings', Object(Closure))
#6 H:\\Hijbu\\server\\htdocs\\laravel_projects\\lvshop\\database\\migrations\\2019_02_24_143524_create_receivings_table.php(28): Illuminate\\Support\\Facades\\Facade::__callStatic('create', Array)
#7 H:\\Hijbu\\server\\htdocs\\laravel_projects\\lvshop\\vendor\\laravel\\framework\\src\\Illuminate\\Database\\Migrations\\Migrator.php(360): CreateReceivingsTable->up()
#8 H:\\Hijbu\\server\\htdocs\\laravel_projects\\lvshop\\vendor\\laravel\\framework\\src\\Illuminate\\Database\\Migrations\\Migrator.php(367): Illuminate\\Database\\Migrations\\Migrator->Illuminate\\Database\\Migrations\\{closure}()
#9 H:\\Hijbu\\server\\htdocs\\laravel_projects\\lvshop\\vendor\\laravel\\framework\\src\\Illuminate\\Database\\Migrations\\Migrator.php(178): Illuminate\\Database\\Migrations\\Migrator->runMigration(Object(CreateReceivingsTable), 'up')
#10 H:\\Hijbu\\server\\htdocs\\laravel_projects\\lvshop\\vendor\\laravel\\framework\\src\\Illuminate\\Database\\Migrations\\Migrator.php(147): Illuminate\\Database\\Migrations\\Migrator->runUp('H:\\\\Hijbu\\\\server...', 1, false)
#11 H:\\Hijbu\\server\\htdocs\\laravel_projects\\lvshop\\vendor\\laravel\\framework\\src\\Illuminate\\Database\\Migrations\\Migrator.php(96): Illuminate\\Database\\Migrations\\Migrator->runPending(Array, Array)
#12 H:\\Hijbu\\server\\htdocs\\laravel_projects\\lvshop\\vendor\\laravel\\framework\\src\\Illuminate\\Database\\Console\\Migrations\\MigrateCommand.php(71): Illuminate\\Database\\Migrations\\Migrator->run(Array, Array)
#13 [internal function]: Illuminate\\Database\\Console\\Migrations\\MigrateCommand->handle()
#14 H:\\Hijbu\\server\\htdocs\\laravel_projects\\lvshop\\vendor\\laravel\\framework\\src\\Illuminate\\Container\\BoundMethod.php(29): call_user_func_array(Array, Array)
#15 H:\\Hijbu\\server\\htdocs\\laravel_projects\\lvshop\\vendor\\laravel\\framework\\src\\Illuminate\\Container\\BoundMethod.php(87): Illuminate\\Container\\BoundMethod::Illuminate\\Container\\{closure}()
#16 H:\\Hijbu\\server\\htdocs\\laravel_projects\\lvshop\\vendor\\laravel\\framework\\src\\Illuminate\\Container\\BoundMethod.php(31): Illuminate\\Container\\BoundMethod::callBoundMethod(Object(Illuminate\\Foundation\\Application), Array, Object(Closure))
#17 H:\\Hijbu\\server\\htdocs\\laravel_projects\\lvshop\\vendor\\laravel\\framework\\src\\Illuminate\\Container\\Container.php(572): Illuminate\\Container\\BoundMethod::call(Object(Illuminate\\Foundation\\Application), Array, Array, NULL)
#18 H:\\Hijbu\\server\\htdocs\\laravel_projects\\lvshop\\vendor\\laravel\\framework\\src\\Illuminate\\Console\\Command.php(183): Illuminate\\Container\\Container->call(Array)
#19 H:\\Hijbu\\server\\htdocs\\laravel_projects\\lvshop\\vendor\\symfony\\console\\Command\\Command.php(255): Illuminate\\Console\\Command->execute(Object(Symfony\\Component\\Console\\Input\\ArrayInput), Object(Illuminate\\Console\\OutputStyle))
#20 H:\\Hijbu\\server\\htdocs\\laravel_projects\\lvshop\\vendor\\laravel\\framework\\src\\Illuminate\\Console\\Command.php(170): Symfony\\Component\\Console\\Command\\Command->run(Object(Symfony\\Component\\Console\\Input\\ArrayInput), Object(Illuminate\\Console\\OutputStyle))
#21 H:\\Hijbu\\server\\htdocs\\laravel_projects\\lvshop\\vendor\\laravel\\framework\\src\\Illuminate\\Console\\Command.php(198): Illuminate\\Console\\Command->run(Object(Symfony\\Component\\Console\\Input\\ArrayInput), Object(Illuminate\\Console\\OutputStyle))
#22 H:\\Hijbu\\server\\htdocs\\laravel_projects\\lvshop\\vendor\\laravel\\framework\\src\\Illuminate\\Database\\Console\\Migrations\\FreshCommand.php(55): Illuminate\\Console\\Command->call('migrate', Array)
#23 [internal function]: Illuminate\\Database\\Console\\Migrations\\FreshCommand->handle()
#24 H:\\Hijbu\\server\\htdocs\\laravel_projects\\lvshop\\vendor\\laravel\\framework\\src\\Illuminate\\Container\\BoundMethod.php(29): call_user_func_array(Array, Array)
#25 H:\\Hijbu\\server\\htdocs\\laravel_projects\\lvshop\\vendor\\laravel\\framework\\src\\Illuminate\\Container\\BoundMethod.php(87): Illuminate\\Container\\BoundMethod::Illuminate\\Container\\{closure}()
#26 H:\\Hijbu\\server\\htdocs\\laravel_projects\\lvshop\\vendor\\laravel\\framework\\src\\Illuminate\\Container\\BoundMethod.php(31): Illuminate\\Container\\BoundMethod::callBoundMethod(Object(Illuminate\\Foundation\\Application), Array, Object(Closure))
#27 H:\\Hijbu\\server\\htdocs\\laravel_projects\\lvshop\\vendor\\laravel\\framework\\src\\Illuminate\\Container\\Container.php(572): Illuminate\\Container\\BoundMethod::call(Object(Illuminate\\Foundation\\Application), Array, Array, NULL)
#28 H:\\Hijbu\\server\\htdocs\\laravel_projects\\lvshop\\vendor\\laravel\\framework\\src\\Illuminate\\Console\\Command.php(183): Illuminate\\Container\\Container->call(Array)
#29 H:\\Hijbu\\server\\htdocs\\laravel_projects\\lvshop\\vendor\\symfony\\console\\Command\\Command.php(255): Illuminate\\Console\\Command->execute(Object(Symfony\\Component\\Console\\Input\\ArgvInput), Object(Illuminate\\Console\\OutputStyle))
#30 H:\\Hijbu\\server\\htdocs\\laravel_projects\\lvshop\\vendor\\laravel\\framework\\src\\Illuminate\\Console\\Command.php(170): Symfony\\Component\\Console\\Command\\Command->run(Object(Symfony\\Component\\Console\\Input\\ArgvInput), Object(Illuminate\\Console\\OutputStyle))
#31 H:\\Hijbu\\server\\htdocs\\laravel_projects\\lvshop\\vendor\\symfony\\console\\Application.php(901): Illuminate\\Console\\Command->run(Object(Symfony\\Component\\Console\\Input\\ArgvInput), Object(Symfony\\Component\\Console\\Output\\ConsoleOutput))
#32 H:\\Hijbu\\server\\htdocs\\laravel_projects\\lvshop\\vendor\\symfony\\console\\Application.php(262): Symfony\\Component\\Console\\Application->doRunCommand(Object(Illuminate\\Database\\Console\\Migrations\\FreshCommand), Object(Symfony\\Component\\Console\\Input\\ArgvInput), Object(Symfony\\Component\\Console\\Output\\ConsoleOutput))
#33 H:\\Hijbu\\server\\htdocs\\laravel_projects\\lvshop\\vendor\\symfony\\console\\Application.php(145): Symfony\\Component\\Console\\Application->doRun(Object(Symfony\\Component\\Console\\Input\\ArgvInput), Object(Symfony\\Component\\Console\\Output\\ConsoleOutput))
#34 H:\\Hijbu\\server\\htdocs\\laravel_projects\\lvshop\\vendor\\laravel\\framework\\src\\Illuminate\\Console\\Application.php(89): Symfony\\Component\\Console\\Application->run(Object(Symfony\\Component\\Console\\Input\\ArgvInput), Object(Symfony\\Component\\Console\\Output\\ConsoleOutput))
#35 H:\\Hijbu\\server\\htdocs\\laravel_projects\\lvshop\\vendor\\laravel\\framework\\src\\Illuminate\\Foundation\\Console\\Kernel.php(122): Illuminate\\Console\\Application->run(Object(Symfony\\Component\\Console\\Input\\ArgvInput), Object(Symfony\\Component\\Console\\Output\\ConsoleOutput))
#36 H:\\Hijbu\\server\\htdocs\\laravel_projects\\lvshop\\artisan(37): Illuminate\\Foundation\\Console\\Kernel->handle(Object(Symfony\\Component\\Console\\Input\\ArgvInput), Object(Symfony\\Component\\Console\\Output\\ConsoleOutput))
#37 {main}
"} 
